Compiling the C compiler identification source file "CMakeCCompilerId.c" failed.
Compiler: cl 
Build flags: 
Id flags: 

The output was:
Не удается найти указанный файл


Compiling the C compiler identification source file "CMakeCCompilerId.c" failed.
Compiler: cl 
Build flags: 
Id flags: -c

The output was:
Не удается найти указанный файл


Compiling the C compiler identification source file "CMakeCCompilerId.c" failed.
Compiler: cl 
Build flags: 
Id flags: -Aa

The output was:
Не удается найти указанный файл


Checking whether the C compiler is IAR using "" did not match "IAR .+ Compiler":
Compiling the C compiler identification source file "CMakeCCompilerId.c" failed.
Compiler: cl 
Build flags: 
Id flags: 

The output was:
Не удается найти указанный файл


Compiling the C compiler identification source file "CMakeCCompilerId.c" failed.
Compiler: cl 
Build flags: 
Id flags: -c

The output was:
Не удается найти указанный файл


Compiling the C compiler identification source file "CMakeCCompilerId.c" failed.
Compiler: cl 
Build flags: 
Id flags: -Aa

The output was:
Не удается найти указанный файл


Checking whether the C compiler is IAR using "" did not match "IAR .+ Compiler":
Determining if the C compiler works failed with the following output:
Change Dir: D:/VSProjects/tinycc/tinycc-mob/CMakeFiles/CMakeTmp

Run Build Command:"nmake" "/NOLOGO" "cmTC_c47b5\fast"
	D:\VSProjects\MSVC2003\bin\nmake.exe -f CMakeFiles\cmTC_c47b5.dir\build.make /nologo -L                  CMakeFiles\cmTC_c47b5.dir\build
Building C object CMakeFiles/cmTC_c47b5.dir/testCCompiler.c.obj
	D:\VSProjects\MSVC2003\bin\cl.exe  @E:\windows\TEMP\nm8D8B.tmp
testCCompiler.c
Linking C executable cmTC_c47b5.exe
	D:\VSProjects\MSVC2003\bin\link.exe /nologo @CMakeFiles\cmTC_c47b5.dir\objects1.rsp @E:\windows\TEMP\nm8DF9.tmp
LINK : fatal error LNK1104: cannot open file 'user32.lib'
NMAKE : fatal error U1077: 'D:\VSProjects\MSVC2003\bin\link.exe' : return code '0x450'
Stop.
NMAKE : fatal error U1077: 'D:\VSProjects\MSVC2003\bin\nmake.exe' : return code '0x2'
Stop.


Compiling the C compiler identification source file "CMakeCCompilerId.c" failed.
Compiler: D:/VSProjects/MSVC2003/bin/cl.exe 
Build flags: 
Id flags: 

The output was:
2
Microsoft (R) 32-bit C/C++ Optimizing Compiler Version 13.10.3077 for 80x86
Copyright (C) Microsoft Corporation 1984-2002. All rights reserved.

CMakeCCompilerId.c
Microsoft (R) Incremental Linker Version 7.10.3077
Copyright (C) Microsoft Corporation.  All rights reserved.

/out:CMakeCCompilerId.exe 
CMakeCCompilerId.obj 
LINK : fatal error LNK1104: cannot open file 'LIBC.lib'


Determining if the C compiler works failed with the following output:
Change Dir: D:/VSProjects/tinycc/tinycc-mob/CMakeFiles/CMakeTmp

Run Build Command:"nmake" "/NOLOGO" "cmTC_ae0c3\fast"

Generator: execution of make failed. Make command was: "nmake" "/NOLOGO" "cmTC_ae0c3\fast"


Compiling the C compiler identification source file "CMakeCCompilerId.c" failed.
Compiler: D:/VSProjects/MSVC2003/bin/cl.exe 
Build flags: 
Id flags: 

The output was:
2
Microsoft (R) 32-bit C/C++ Optimizing Compiler Version 13.10.3077 for 80x86
Copyright (C) Microsoft Corporation 1984-2002. All rights reserved.

CMakeCCompilerId.c
Microsoft (R) Incremental Linker Version 7.10.3077
Copyright (C) Microsoft Corporation.  All rights reserved.

/out:CMakeCCompilerId.exe 
CMakeCCompilerId.obj 
LINK : fatal error LNK1104: cannot open file 'LIBC.lib'


Determining if the C compiler works failed with the following output:
Change Dir: D:/VSProjects/tinycc/tinycc-mob/CMakeFiles/CMakeTmp

Run Build Command:"nmake" "/NOLOGO" "cmTC_cc918\fast"

Generator: execution of make failed. Make command was: "nmake" "/NOLOGO" "cmTC_cc918\fast"


Compiling the C compiler identification source file "CMakeCCompilerId.c" failed.
Compiler: cl 
Build flags: 
Id flags: 

The output was:
Не удается найти указанный файл


Compiling the C compiler identification source file "CMakeCCompilerId.c" failed.
Compiler: cl 
Build flags: 
Id flags: -c

The output was:
Не удается найти указанный файл


Compiling the C compiler identification source file "CMakeCCompilerId.c" failed.
Compiler: cl 
Build flags: 
Id flags: -Aa

The output was:
Не удается найти указанный файл


Checking whether the C compiler is IAR using "" did not match "IAR .+ Compiler":
Compiling the C compiler identification source file "CMakeCCompilerId.c" failed.
Compiler: cl 
Build flags: 
Id flags: 

The output was:
Не удается найти указанный файл


Compiling the C compiler identification source file "CMakeCCompilerId.c" failed.
Compiler: cl 
Build flags: 
Id flags: -c

The output was:
Не удается найти указанный файл


Compiling the C compiler identification source file "CMakeCCompilerId.c" failed.
Compiler: cl 
Build flags: 
Id flags: -Aa

The output was:
Не удается найти указанный файл


Checking whether the C compiler is IAR using "" did not match "IAR .+ Compiler":
